<?xml version="1.0" encoding="UTF-8"?>
<coverage generated="1762224936557" clover="3.2.0">
  <project timestamp="1762224936557" name="All files">
    <metrics statements="68" coveredstatements="52" conditionals="46" coveredconditionals="34" methods="5" coveredmethods="3" elements="119" coveredelements="89" complexity="0" loc="68" ncloc="68" packages="3" files="3" classes="3"/>
    <package name="src">
      <metrics statements="15" coveredstatements="0" conditionals="5" coveredconditionals="0" methods="2" coveredmethods="0"/>
      <file name="index.ts" path="/Users/user/v2.6-test/web-chat-app/server/src/index.ts">
        <metrics statements="15" coveredstatements="0" conditionals="5" coveredconditionals="0" methods="2" coveredmethods="0"/>
        <line num="18" count="0" type="stmt"/>
        <line num="19" count="0" type="stmt"/>
        <line num="20" count="0" type="stmt"/>
        <line num="22" count="0" type="stmt"/>
        <line num="23" count="0" type="cond" truecount="0" falsecount="2"/>
        <line num="24" count="0" type="cond" truecount="0" falsecount="2"/>
        <line num="32" count="0" type="stmt"/>
        <line num="41" count="0" type="stmt"/>
        <line num="48" count="0" type="stmt"/>
        <line num="49" count="0" type="stmt"/>
        <line num="53" count="0" type="stmt"/>
        <line num="60" count="0" type="cond" truecount="0" falsecount="1"/>
        <line num="61" count="0" type="stmt"/>
        <line num="62" count="0" type="stmt"/>
        <line num="63" count="0" type="stmt"/>
      </file>
    </package>
    <package name="src.services">
      <metrics statements="39" coveredstatements="38" conditionals="39" coveredconditionals="32" methods="1" coveredmethods="1"/>
      <file name="llm.ts" path="/Users/user/v2.6-test/web-chat-app/server/src/services/llm.ts">
        <metrics statements="39" coveredstatements="38" conditionals="39" coveredconditionals="32" methods="1" coveredmethods="1"/>
        <line num="8" count="3" type="stmt"/>
        <line num="9" count="3" type="stmt"/>
        <line num="10" count="3" type="stmt"/>
        <line num="18" count="3" type="stmt"/>
        <line num="23" count="3" type="cond" truecount="2" falsecount="0"/>
        <line num="24" count="3" type="cond" truecount="1" falsecount="1"/>
        <line num="25" count="3" type="cond" truecount="1" falsecount="1"/>
        <line num="44" count="3" type="stmt"/>
        <line num="46" count="24" type="cond" truecount="1" falsecount="0"/>
        <line num="47" count="1" type="stmt"/>
        <line num="56" count="23" type="stmt"/>
        <line num="68" count="23" type="stmt"/>
        <line num="71" count="23" type="stmt"/>
        <line num="73" count="23" type="stmt"/>
        <line num="75" count="23" type="stmt"/>
        <line num="82" count="13" type="stmt"/>
        <line num="83" count="13" type="stmt"/>
        <line num="85" count="2" type="stmt"/>
        <line num="94" count="11" type="cond" truecount="1" falsecount="0"/>
        <line num="99" count="2" type="stmt"/>
        <line num="108" count="9" type="stmt"/>
        <line num="109" count="9" type="cond" truecount="1" falsecount="0"/>
        <line num="110" count="1" type="stmt"/>
        <line num="119" count="8" type="stmt"/>
        <line num="126" count="15" type="cond" truecount="3" falsecount="0"/>
        <line num="127" count="2" type="stmt"/>
        <line num="136" count="13" type="cond" truecount="1" falsecount="0"/>
        <line num="137" count="5" type="stmt"/>
        <line num="141" count="8" type="cond" truecount="1" falsecount="0"/>
        <line num="142" count="7" type="stmt"/>
        <line num="144" count="7" type="cond" truecount="5" falsecount="0"/>
        <line num="146" count="1" type="stmt"/>
        <line num="153" count="1" type="stmt"/>
        <line num="160" count="2" type="stmt"/>
        <line num="167" count="1" type="stmt"/>
        <line num="175" count="2" type="stmt"/>
        <line num="185" count="1" type="cond" truecount="2" falsecount="1"/>
        <line num="186" count="1" type="stmt"/>
        <line num="195" count="0" type="stmt"/>
      </file>
    </package>
    <package name="src.types">
      <metrics statements="14" coveredstatements="14" conditionals="2" coveredconditionals="2" methods="2" coveredmethods="2"/>
      <file name="llm.ts" path="/Users/user/v2.6-test/web-chat-app/server/src/types/llm.ts">
        <metrics statements="14" coveredstatements="14" conditionals="2" coveredconditionals="2" methods="2" coveredmethods="2"/>
        <line num="48" count="3" type="cond" truecount="2" falsecount="0"/>
        <line num="49" count="3" type="stmt"/>
        <line num="50" count="3" type="stmt"/>
        <line num="51" count="3" type="stmt"/>
        <line num="52" count="3" type="stmt"/>
        <line num="53" count="3" type="stmt"/>
        <line num="54" count="3" type="stmt"/>
        <line num="55" count="3" type="stmt"/>
        <line num="62" count="3" type="stmt"/>
        <line num="64" count="16" type="stmt"/>
        <line num="65" count="16" type="stmt"/>
        <line num="67" count="16" type="stmt"/>
        <line num="69" count="16" type="stmt"/>
        <line num="70" count="16" type="stmt"/>
      </file>
    </package>
  </project>
</coverage>
