<?xml version="1.0" encoding="UTF-8"?>
<coverage generated="1762223875582" clover="3.2.0">
  <project timestamp="1762223875582" name="All files">
    <metrics statements="15" coveredstatements="12" conditionals="5" coveredconditionals="2" methods="2" coveredmethods="1" elements="22" coveredelements="15" complexity="0" loc="15" ncloc="15" packages="1" files="1" classes="1"/>
    <file name="index.ts" path="/Users/user/v2.6-test/web-chat-app/server/src/index.ts">
      <metrics statements="15" coveredstatements="12" conditionals="5" coveredconditionals="2" methods="2" coveredmethods="1"/>
      <line num="1" count="1" type="stmt"/>
      <line num="2" count="1" type="stmt"/>
      <line num="3" count="1" type="stmt"/>
      <line num="5" count="1" type="stmt"/>
      <line num="6" count="1" type="cond" truecount="1" falsecount="1"/>
      <line num="7" count="1" type="cond" truecount="1" falsecount="1"/>
      <line num="10" count="1" type="stmt"/>
      <line num="17" count="1" type="stmt"/>
      <line num="19" count="1" type="stmt"/>
      <line num="20" count="2" type="stmt"/>
      <line num="24" count="1" type="stmt"/>
      <line num="27" count="1" type="cond" truecount="0" falsecount="1"/>
      <line num="28" count="0" type="stmt"/>
      <line num="29" count="0" type="stmt"/>
      <line num="30" count="0" type="stmt"/>
    </file>
  </project>
</coverage>
