{"/Users/user/v2.6-test/web-chat-app/server/src/index.ts": {"path":"/Users/user/v2.6-test/web-chat-app/server/src/index.ts","statementMap":{"0":{"start":{"line":18,"column":0},"end":{"line":18,"column":23}},"1":{"start":{"line":19,"column":0},"end":{"line":19,"column":30}},"2":{"start":{"line":20,"column":0},"end":{"line":20,"column":24}},"3":{"start":{"line":22,"column":12},"end":{"line":22,"column":21}},"4":{"start":{"line":53,"column":9},"end":{"line":53,"column":12}},"5":{"start":{"line":23,"column":13},"end":{"line":23,"column":37}},"6":{"start":{"line":24,"column":20},"end":{"line":24,"column":70}},"7":{"start":{"line":32,"column":0},"end":{"line":38,"column":2}},"8":{"start":{"line":41,"column":0},"end":{"line":41,"column":24}},"9":{"start":{"line":48,"column":0},"end":{"line":50,"column":3}},"10":{"start":{"line":49,"column":2},"end":{"line":49,"column":29}},"11":{"start":{"line":60,"column":0},"end":{"line":65,"column":1}},"12":{"start":{"line":61,"column":2},"end":{"line":64,"column":5}},"13":{"start":{"line":62,"column":4},"end":{"line":62,"column":62}},"14":{"start":{"line":63,"column":4},"end":{"line":63,"column":52}}},"fnMap":{"0":{"name":"(anonymous_1)","decl":{"start":{"line":48,"column":19},"end":{"line":48,"column":20}},"loc":{"start":{"line":48,"column":32},"end":{"line":50,"column":1}}},"1":{"name":"(anonymous_2)","decl":{"start":{"line":61,"column":19},"end":{"line":61,"column":22}},"loc":{"start":{"line":61,"column":24},"end":{"line":64,"column":3}}}},"branchMap":{"0":{"loc":{"start":{"line":23,"column":13},"end":{"line":23,"column":37}},"type":"binary-expr","locations":[{"start":{"line":23,"column":13},"end":{"line":23,"column":29}},{"start":{"line":23,"column":33},"end":{"line":23,"column":37}}]},"1":{"loc":{"start":{"line":24,"column":20},"end":{"line":24,"column":70}},"type":"binary-expr","locations":[{"start":{"line":24,"column":20},"end":{"line":24,"column":43}},{"start":{"line":24,"column":47},"end":{"line":24,"column":70}}]},"2":{"loc":{"start":{"line":60,"column":0},"end":{"line":65,"column":1}},"type":"if","locations":[{"start":{"line":60,"column":0},"end":{"line":65,"column":1}}]}},"s":{"0":0,"1":0,"2":0,"3":0,"4":0,"5":0,"6":0,"7":0,"8":0,"9":0,"10":0,"11":0,"12":0,"13":0,"14":0},"f":{"0":0,"1":0},"b":{"0":[0,0],"1":[0,0],"2":[0]}}
,"/Users/user/v2.6-test/web-chat-app/server/src/services/llm.ts": {"path":"/Users/user/v2.6-test/web-chat-app/server/src/services/llm.ts","statementMap":{"0":{"start":{"line":44,"column":0},"end":{"line":44,"column":7}},"1":{"start":{"line":8,"column":0},"end":{"line":8,"column":37}},"2":{"start":{"line":9,"column":0},"end":{"line":9,"column":33}},"3":{"start":{"line":10,"column":0},"end":{"line":10,"column":null}},"4":{"start":{"line":18,"column":18},"end":{"line":18,"column":33}},"5":{"start":{"line":23,"column":21},"end":{"line":23,"column":51}},"6":{"start":{"line":24,"column":20},"end":{"line":24,"column":56}},"7":{"start":{"line":25,"column":23},"end":{"line":25,"column":74}},"8":{"start":{"line":46,"column":2},"end":{"line":53,"column":3}},"9":{"start":{"line":47,"column":4},"end":{"line":52,"column":6}},"10":{"start":{"line":56,"column":30},"end":{"line":64,"column":4}},"11":{"start":{"line":68,"column":22},"end":{"line":68,"column":68}},"12":{"start":{"line":71,"column":18},"end":{"line":71,"column":84}},"13":{"start":{"line":73,"column":2},"end":{"line":201,"column":3}},"14":{"start":{"line":75,"column":31},"end":{"line":78,"column":6}},"15":{"start":{"line":82,"column":4},"end":{"line":91,"column":5}},"16":{"start":{"line":83,"column":6},"end":{"line":83,"column":36}},"17":{"start":{"line":85,"column":6},"end":{"line":90,"column":8}},"18":{"start":{"line":94,"column":4},"end":{"line":105,"column":5}},"19":{"start":{"line":99,"column":6},"end":{"line":104,"column":8}},"20":{"start":{"line":108,"column":20},"end":{"line":108,"column":57}},"21":{"start":{"line":109,"column":4},"end":{"line":116,"column":5}},"22":{"start":{"line":110,"column":6},"end":{"line":115,"column":8}},"23":{"start":{"line":119,"column":4},"end":{"line":123,"column":6}},"24":{"start":{"line":126,"column":4},"end":{"line":133,"column":5}},"25":{"start":{"line":127,"column":6},"end":{"line":132,"column":8}},"26":{"start":{"line":136,"column":4},"end":{"line":138,"column":5}},"27":{"start":{"line":137,"column":6},"end":{"line":137,"column":18}},"28":{"start":{"line":141,"column":4},"end":{"line":182,"column":5}},"29":{"start":{"line":142,"column":23},"end":{"line":142,"column":33}},"30":{"start":{"line":144,"column":6},"end":{"line":181,"column":7}},"31":{"start":{"line":146,"column":10},"end":{"line":151,"column":12}},"32":{"start":{"line":153,"column":10},"end":{"line":158,"column":12}},"33":{"start":{"line":160,"column":10},"end":{"line":165,"column":12}},"34":{"start":{"line":167,"column":10},"end":{"line":172,"column":12}},"35":{"start":{"line":175,"column":10},"end":{"line":180,"column":12}},"36":{"start":{"line":185,"column":4},"end":{"line":192,"column":5}},"37":{"start":{"line":186,"column":6},"end":{"line":191,"column":8}},"38":{"start":{"line":195,"column":4},"end":{"line":200,"column":6}}},"fnMap":{"0":{"name":"callLLM","decl":{"start":{"line":44,"column":22},"end":{"line":44,"column":29}},"loc":{"start":{"line":44,"column":49},"end":{"line":202,"column":1}}}},"branchMap":{"0":{"loc":{"start":{"line":23,"column":21},"end":{"line":23,"column":51}},"type":"binary-expr","locations":[{"start":{"line":23,"column":21},"end":{"line":23,"column":45}},{"start":{"line":23,"column":49},"end":{"line":23,"column":51}}]},"1":{"loc":{"start":{"line":24,"column":20},"end":{"line":24,"column":56}},"type":"binary-expr","locations":[{"start":{"line":24,"column":20},"end":{"line":24,"column":43}},{"start":{"line":24,"column":47},"end":{"line":24,"column":56}}]},"2":{"loc":{"start":{"line":25,"column":32},"end":{"line":25,"column":69}},"type":"binary-expr","locations":[{"start":{"line":25,"column":32},"end":{"line":25,"column":58}},{"start":{"line":25,"column":62},"end":{"line":25,"column":69}}]},"3":{"loc":{"start":{"line":46,"column":2},"end":{"line":53,"column":3}},"type":"if","locations":[{"start":{"line":46,"column":2},"end":{"line":53,"column":3}}]},"4":{"loc":{"start":{"line":94,"column":4},"end":{"line":105,"column":5}},"type":"if","locations":[{"start":{"line":94,"column":4},"end":{"line":105,"column":5}}]},"5":{"loc":{"start":{"line":95,"column":6},"end":{"line":97,"column":35}},"type":"binary-expr","locations":[{"start":{"line":95,"column":6},"end":{"line":95,"column":23}},{"start":{"line":96,"column":6},"end":{"line":96,"column":38}},{"start":{"line":97,"column":6},"end":{"line":97,"column":35}}]},"6":{"loc":{"start":{"line":109,"column":4},"end":{"line":116,"column":5}},"type":"if","locations":[{"start":{"line":109,"column":4},"end":{"line":116,"column":5}}]},"7":{"loc":{"start":{"line":121,"column":13},"end":{"line":121,"column":40}},"type":"binary-expr","locations":[{"start":{"line":121,"column":13},"end":{"line":121,"column":27}},{"start":{"line":121,"column":31},"end":{"line":121,"column":40}}]},"8":{"loc":{"start":{"line":122,"column":16},"end":{"line":122,"column":47}},"type":"binary-expr","locations":[{"start":{"line":122,"column":16},"end":{"line":122,"column":33}},{"start":{"line":122,"column":37},"end":{"line":122,"column":47}}]},"9":{"loc":{"start":{"line":126,"column":4},"end":{"line":133,"column":5}},"type":"if","locations":[{"start":{"line":126,"column":4},"end":{"line":133,"column":5}}]},"10":{"loc":{"start":{"line":126,"column":8},"end":{"line":126,"column":50}},"type":"binary-expr","locations":[{"start":{"line":126,"column":8},"end":{"line":126,"column":20}},{"start":{"line":126,"column":24},"end":{"line":126,"column":50}}]},"11":{"loc":{"start":{"line":136,"column":4},"end":{"line":138,"column":5}},"type":"if","locations":[{"start":{"line":136,"column":4},"end":{"line":138,"column":5}}]},"12":{"loc":{"start":{"line":141,"column":4},"end":{"line":182,"column":5}},"type":"if","locations":[{"start":{"line":141,"column":4},"end":{"line":182,"column":5}}]},"13":{"loc":{"start":{"line":144,"column":6},"end":{"line":181,"column":7}},"type":"switch","locations":[{"start":{"line":145,"column":8},"end":{"line":151,"column":12}},{"start":{"line":152,"column":8},"end":{"line":158,"column":12}},{"start":{"line":159,"column":8},"end":{"line":165,"column":12}},{"start":{"line":166,"column":8},"end":{"line":172,"column":12}},{"start":{"line":173,"column":8},"end":{"line":180,"column":12}}]},"14":{"loc":{"start":{"line":150,"column":12},"end":{"line":150,"column":41}},"type":"binary-expr","locations":[{"start":{"line":150,"column":12},"end":{"line":150,"column":24}},{"start":{"line":150,"column":28},"end":{"line":150,"column":41}}]},"15":{"loc":{"start":{"line":157,"column":12},"end":{"line":157,"column":81}},"type":"binary-expr","locations":[{"start":{"line":157,"column":12},"end":{"line":157,"column":24}},{"start":{"line":157,"column":28},"end":{"line":157,"column":81}}]},"16":{"loc":{"start":{"line":164,"column":12},"end":{"line":164,"column":41}},"type":"binary-expr","locations":[{"start":{"line":164,"column":12},"end":{"line":164,"column":24}},{"start":{"line":164,"column":28},"end":{"line":164,"column":41}}]},"17":{"loc":{"start":{"line":171,"column":12},"end":{"line":171,"column":41}},"type":"binary-expr","locations":[{"start":{"line":171,"column":12},"end":{"line":171,"column":24}},{"start":{"line":171,"column":28},"end":{"line":171,"column":41}}]},"18":{"loc":{"start":{"line":179,"column":12},"end":{"line":179,"column":41}},"type":"binary-expr","locations":[{"start":{"line":179,"column":12},"end":{"line":179,"column":24}},{"start":{"line":179,"column":28},"end":{"line":179,"column":41}}]},"19":{"loc":{"start":{"line":185,"column":4},"end":{"line":192,"column":5}},"type":"if","locations":[{"start":{"line":185,"column":4},"end":{"line":192,"column":5}}]},"20":{"loc":{"start":{"line":185,"column":8},"end":{"line":185,"column":59}},"type":"binary-expr","locations":[{"start":{"line":185,"column":8},"end":{"line":185,"column":32}},{"start":{"line":185,"column":36},"end":{"line":185,"column":59}}]}},"s":{"0":3,"1":3,"2":3,"3":3,"4":3,"5":3,"6":3,"7":3,"8":24,"9":1,"10":23,"11":23,"12":23,"13":23,"14":23,"15":13,"16":13,"17":2,"18":11,"19":2,"20":9,"21":9,"22":1,"23":8,"24":15,"25":2,"26":13,"27":5,"28":8,"29":7,"30":7,"31":1,"32":1,"33":2,"34":1,"35":2,"36":1,"37":1,"38":0},"f":{"0":24},"b":{"0":[3,1],"1":[3,0],"2":[3,0],"3":[1],"4":[2],"5":[11,10,10],"6":[1],"7":[8,1],"8":[8,1],"9":[2],"10":[15,13],"11":[5],"12":[7],"13":[1,1,2,1,2],"14":[1,0],"15":[1,0],"16":[2,0],"17":[1,0],"18":[2,1],"19":[1],"20":[1,0]}}
,"/Users/user/v2.6-test/web-chat-app/server/src/types/llm.ts": {"path":"/Users/user/v2.6-test/web-chat-app/server/src/types/llm.ts","statementMap":{"0":{"start":{"line":48,"column":0},"end":{"line":48,"column":null}},"1":{"start":{"line":49,"column":2},"end":{"line":49,"column":null}},"2":{"start":{"line":50,"column":2},"end":{"line":50,"column":null}},"3":{"start":{"line":51,"column":2},"end":{"line":51,"column":null}},"4":{"start":{"line":52,"column":2},"end":{"line":52,"column":null}},"5":{"start":{"line":53,"column":2},"end":{"line":53,"column":null}},"6":{"start":{"line":54,"column":2},"end":{"line":54,"column":null}},"7":{"start":{"line":55,"column":2},"end":{"line":55,"column":null}},"8":{"start":{"line":69,"column":4},"end":{"line":69,"column":19}},"9":{"start":{"line":64,"column":11},"end":{"line":64,"column":29}},"10":{"start":{"line":65,"column":11},"end":{"line":65,"column":34}},"11":{"start":{"line":67,"column":11},"end":{"line":67,"column":27}},"12":{"start":{"line":70,"column":4},"end":{"line":70,"column":27}},"13":{"start":{"line":62,"column":0},"end":{"line":62,"column":13}}},"fnMap":{"0":{"name":"(anonymous_0)","decl":{"start":{"line":48,"column":0},"end":{"line":48,"column":12}},"loc":{"start":{"line":48,"column":24},"end":{"line":56,"column":1}}},"1":{"name":"(anonymous_1)","decl":{"start":{"line":63,"column":2},"end":{"line":63,"column":null}},"loc":{"start":{"line":67,"column":27},"end":{"line":71,"column":3}}}},"branchMap":{"0":{"loc":{"start":{"line":48,"column":12},"end":{"line":48,"column":null}},"type":"binary-expr","locations":[{"start":{"line":48,"column":12},"end":{"line":48,"column":24}},{"start":{"line":48,"column":24},"end":{"line":48,"column":null}}]}},"s":{"0":3,"1":3,"2":3,"3":3,"4":3,"5":3,"6":3,"7":3,"8":16,"9":16,"10":16,"11":16,"12":16,"13":3},"f":{"0":3,"1":16},"b":{"0":[3,3]}}
}
