TN:
SF:src/index.ts
FN:48,(anonymous_1)
FN:61,(anonymous_2)
FNF:2
FNH:0
FNDA:0,(anonymous_1)
FNDA:0,(anonymous_2)
DA:18,0
DA:19,0
DA:20,0
DA:22,0
DA:23,0
DA:24,0
DA:32,0
DA:41,0
DA:48,0
DA:49,0
DA:53,0
DA:60,0
DA:61,0
DA:62,0
DA:63,0
LF:15
LH:0
BRDA:23,0,0,0
BRDA:23,0,1,0
BRDA:24,1,0,0
BRDA:24,1,1,0
BRDA:60,2,0,0
BRF:5
BRH:0
end_of_record
TN:
SF:src/services/llm.ts
FN:44,callLLM
FNF:1
FNH:1
FNDA:24,callLLM
DA:8,3
DA:9,3
DA:10,3
DA:18,3
DA:23,3
DA:24,3
DA:25,3
DA:44,3
DA:46,24
DA:47,1
DA:56,23
DA:68,23
DA:71,23
DA:73,23
DA:75,23
DA:82,13
DA:83,13
DA:85,2
DA:94,11
DA:99,2
DA:108,9
DA:109,9
DA:110,1
DA:119,8
DA:126,15
DA:127,2
DA:136,13
DA:137,5
DA:141,8
DA:142,7
DA:144,7
DA:146,1
DA:153,1
DA:160,2
DA:167,1
DA:175,2
DA:185,1
DA:186,1
DA:195,0
LF:39
LH:38
BRDA:23,0,0,3
BRDA:23,0,1,1
BRDA:24,1,0,3
BRDA:24,1,1,0
BRDA:25,2,0,3
BRDA:25,2,1,0
BRDA:46,3,0,1
BRDA:94,4,0,2
BRDA:95,5,0,11
BRDA:95,5,1,10
BRDA:95,5,2,10
BRDA:109,6,0,1
BRDA:121,7,0,8
BRDA:121,7,1,1
BRDA:122,8,0,8
BRDA:122,8,1,1
BRDA:126,9,0,2
BRDA:126,10,0,15
BRDA:126,10,1,13
BRDA:136,11,0,5
BRDA:141,12,0,7
BRDA:144,13,0,1
BRDA:144,13,1,1
BRDA:144,13,2,2
BRDA:144,13,3,1
BRDA:144,13,4,2
BRDA:150,14,0,1
BRDA:150,14,1,0
BRDA:157,15,0,1
BRDA:157,15,1,0
BRDA:164,16,0,2
BRDA:164,16,1,0
BRDA:171,17,0,1
BRDA:171,17,1,0
BRDA:179,18,0,2
BRDA:179,18,1,1
BRDA:185,19,0,1
BRDA:185,20,0,1
BRDA:185,20,1,0
BRF:39
BRH:32
end_of_record
TN:
SF:src/types/llm.ts
FN:48,(anonymous_0)
FN:63,(anonymous_1)
FNF:2
FNH:2
FNDA:3,(anonymous_0)
FNDA:16,(anonymous_1)
DA:48,3
DA:49,3
DA:50,3
DA:51,3
DA:52,3
DA:53,3
DA:54,3
DA:55,3
DA:62,3
DA:64,16
DA:65,16
DA:67,16
DA:69,16
DA:70,16
LF:14
LH:14
BRDA:48,0,0,3
BRDA:48,0,1,3
BRF:2
BRH:2
end_of_record
